<?xml version="1.0" encoding="UTF-8"?>
<coverage generated="1588834599842" clover="3.2.0">
  <project timestamp="1588834599842" name="All files">
    <metrics statements="57" coveredstatements="40" conditionals="6" coveredconditionals="0" methods="18" coveredmethods="9" elements="81" coveredelements="49" complexity="0" loc="57" ncloc="57" packages="2" files="7" classes="7"/>
    <package name="src">
      <metrics statements="2" coveredstatements="2" conditionals="0" coveredconditionals="0" methods="0" coveredmethods="0"/>
      <file name="shapes.js" path="/Users/philiphamner/Documents/HRSF127/Philip_Nordstrom_ProductPhotoCarousel/src/shapes.js">
        <metrics statements="2" coveredstatements="2" conditionals="0" coveredconditionals="0" methods="0" coveredmethods="0"/>
        <line num="3" count="1" type="stmt"/>
        <line num="7" count="1" type="stmt"/>
      </file>
    </package>
    <package name="src.components">
      <metrics statements="55" coveredstatements="38" conditionals="6" coveredconditionals="0" methods="18" coveredmethods="9"/>
      <file name="App.js" path="/Users/philiphamner/Documents/HRSF127/Philip_Nordstrom_ProductPhotoCarousel/src/components/App.js">
        <metrics statements="32" coveredstatements="18" conditionals="4" coveredconditionals="0" methods="11" coveredmethods="5"/>
        <line num="10" count="1" type="stmt"/>
        <line num="22" count="1" type="stmt"/>
        <line num="31" count="1" type="stmt"/>
        <line num="39" count="1" type="stmt"/>
        <line num="40" count="1" type="stmt"/>
        <line num="42" count="1" type="stmt"/>
        <line num="50" count="1" type="stmt"/>
        <line num="51" count="1" type="stmt"/>
        <line num="52" count="1" type="stmt"/>
        <line num="53" count="1" type="stmt"/>
        <line num="54" count="1" type="stmt"/>
        <line num="58" count="0" type="stmt"/>
        <line num="61" count="0" type="stmt"/>
        <line num="65" count="0" type="stmt"/>
        <line num="70" count="0" type="cond" truecount="0" falsecount="2"/>
        <line num="71" count="0" type="stmt"/>
        <line num="74" count="0" type="stmt"/>
        <line num="79" count="0" type="stmt"/>
        <line num="83" count="0" type="cond" truecount="0" falsecount="2"/>
        <line num="84" count="0" type="stmt"/>
        <line num="87" count="0" type="stmt"/>
        <line num="92" count="0" type="stmt"/>
        <line num="96" count="1" type="stmt"/>
        <line num="97" count="1" type="stmt"/>
        <line num="98" count="1" type="stmt"/>
        <line num="100" count="1" type="stmt"/>
        <line num="102" count="1" type="stmt"/>
        <line num="105" count="0" type="stmt"/>
        <line num="110" count="0" type="stmt"/>
        <line num="114" count="0" type="stmt"/>
        <line num="124" count="1" type="stmt"/>
        <line num="129" count="1" type="stmt"/>
      </file>
      <file name="Carousel.js" path="/Users/philiphamner/Documents/HRSF127/Philip_Nordstrom_ProductPhotoCarousel/src/components/Carousel.js">
        <metrics statements="4" coveredstatements="4" conditionals="0" coveredconditionals="0" methods="2" coveredmethods="2"/>
        <line num="5" count="2" type="stmt"/>
        <line num="13" count="2" type="stmt"/>
        <line num="15" count="1" type="stmt"/>
        <line num="18" count="2" type="stmt"/>
      </file>
      <file name="CarouselPicture.js" path="/Users/philiphamner/Documents/HRSF127/Philip_Nordstrom_ProductPhotoCarousel/src/components/CarouselPicture.js">
        <metrics statements="8" coveredstatements="7" conditionals="2" coveredconditionals="0" methods="2" coveredmethods="1"/>
        <line num="5" count="3" type="stmt"/>
        <line num="7" count="3" type="stmt"/>
        <line num="18" count="3" type="stmt"/>
        <line num="23" count="0" type="cond" truecount="0" falsecount="2"/>
        <line num="33" count="3" type="stmt"/>
        <line num="34" count="2" type="stmt"/>
        <line num="35" count="2" type="stmt"/>
        <line num="42" count="2" type="stmt"/>
      </file>
      <file name="MainPicture.js" path="/Users/philiphamner/Documents/HRSF127/Philip_Nordstrom_ProductPhotoCarousel/src/components/MainPicture.js">
        <metrics statements="4" coveredstatements="3" conditionals="0" coveredconditionals="0" methods="1" coveredmethods="0"/>
        <line num="5" count="1" type="stmt"/>
        <line num="13" count="1" type="stmt"/>
        <line num="21" count="1" type="stmt"/>
        <line num="22" count="0" type="stmt"/>
      </file>
      <file name="MoveCarouselBackwards.js" path="/Users/philiphamner/Documents/HRSF127/Philip_Nordstrom_ProductPhotoCarousel/src/components/MoveCarouselBackwards.js">
        <metrics statements="3" coveredstatements="2" conditionals="0" coveredconditionals="0" methods="1" coveredmethods="0"/>
        <line num="6" count="1" type="stmt"/>
        <line num="17" count="1" type="stmt"/>
        <line num="18" count="0" type="stmt"/>
      </file>
      <file name="MoveCarouselForward.js" path="/Users/philiphamner/Documents/HRSF127/Philip_Nordstrom_ProductPhotoCarousel/src/components/MoveCarouselForward.js">
        <metrics statements="4" coveredstatements="4" conditionals="0" coveredconditionals="0" methods="1" coveredmethods="1"/>
        <line num="5" count="2" type="stmt"/>
        <line num="15" count="2" type="stmt"/>
        <line num="16" count="2" type="stmt"/>
        <line num="17" count="2" type="stmt"/>
      </file>
    </package>
  </project>
</coverage>
