<?xml version="1.0" encoding="UTF-8"?>
<coverage generated="1588788605781" clover="3.2.0">
  <project timestamp="1588788605781" name="All files">
    <metrics statements="51" coveredstatements="29" conditionals="4" coveredconditionals="0" methods="21" coveredmethods="6" elements="76" coveredelements="35" complexity="0" loc="51" ncloc="51" packages="3" files="8" classes="8"/>
    <package name="Philip_Nordstrom_ProductPhotoCarousel">
      <metrics statements="6" coveredstatements="4" conditionals="0" coveredconditionals="0" methods="4" coveredmethods="2"/>
      <file name="counter.js" path="/Users/philiphamner/Documents/HRSF127/Philip_Nordstrom_ProductPhotoCarousel/counter.js">
        <metrics statements="6" coveredstatements="4" conditionals="0" coveredconditionals="0" methods="4" coveredmethods="2"/>
        <line num="5" count="1" type="stmt"/>
        <line num="6" count="1" type="stmt"/>
        <line num="9" count="1" type="stmt"/>
        <line num="13" count="0" type="stmt"/>
        <line num="14" count="0" type="stmt"/>
        <line num="21" count="1" type="stmt"/>
      </file>
    </package>
    <package name="Philip_Nordstrom_ProductPhotoCarousel.src">
      <metrics statements="1" coveredstatements="1" conditionals="0" coveredconditionals="0" methods="0" coveredmethods="0"/>
      <file name="shapes.js" path="/Users/philiphamner/Documents/HRSF127/Philip_Nordstrom_ProductPhotoCarousel/src/shapes.js">
        <metrics statements="1" coveredstatements="1" conditionals="0" coveredconditionals="0" methods="0" coveredmethods="0"/>
        <line num="3" count="1" type="stmt"/>
      </file>
    </package>
    <package name="Philip_Nordstrom_ProductPhotoCarousel.src.components">
      <metrics statements="44" coveredstatements="24" conditionals="4" coveredconditionals="0" methods="17" coveredmethods="4"/>
      <file name="App.js" path="/Users/philiphamner/Documents/HRSF127/Philip_Nordstrom_ProductPhotoCarousel/src/components/App.js">
        <metrics statements="30" coveredstatements="16" conditionals="4" coveredconditionals="0" methods="11" coveredmethods="4"/>
        <line num="9" count="1" type="stmt"/>
        <line num="21" count="1" type="stmt"/>
        <line num="30" count="1" type="stmt"/>
        <line num="38" count="1" type="stmt"/>
        <line num="39" count="1" type="stmt"/>
        <line num="41" count="1" type="stmt"/>
        <line num="49" count="1" type="stmt"/>
        <line num="50" count="1" type="stmt"/>
        <line num="51" count="1" type="stmt"/>
        <line num="52" count="1" type="stmt"/>
        <line num="56" count="0" type="stmt"/>
        <line num="59" count="0" type="stmt"/>
        <line num="63" count="0" type="stmt"/>
        <line num="68" count="0" type="cond" truecount="0" falsecount="2"/>
        <line num="69" count="0" type="stmt"/>
        <line num="72" count="0" type="stmt"/>
        <line num="77" count="0" type="stmt"/>
        <line num="81" count="0" type="cond" truecount="0" falsecount="2"/>
        <line num="82" count="0" type="stmt"/>
        <line num="85" count="0" type="stmt"/>
        <line num="90" count="0" type="stmt"/>
        <line num="94" count="1" type="stmt"/>
        <line num="95" count="1" type="stmt"/>
        <line num="96" count="1" type="stmt"/>
        <line num="98" count="1" type="stmt"/>
        <line num="100" count="1" type="stmt"/>
        <line num="103" count="0" type="stmt"/>
        <line num="108" count="0" type="stmt"/>
        <line num="112" count="0" type="stmt"/>
        <line num="121" count="1" type="stmt"/>
      </file>
      <file name="Carousel.js" path="/Users/philiphamner/Documents/HRSF127/Philip_Nordstrom_ProductPhotoCarousel/src/components/Carousel.js">
        <metrics statements="4" coveredstatements="2" conditionals="0" coveredconditionals="0" methods="2" coveredmethods="0"/>
        <line num="5" count="1" type="stmt"/>
        <line num="13" count="1" type="stmt"/>
        <line num="15" count="0" type="stmt"/>
        <line num="18" count="0" type="stmt"/>
      </file>
      <file name="CarouselPicture.js" path="/Users/philiphamner/Documents/HRSF127/Philip_Nordstrom_ProductPhotoCarousel/src/components/CarouselPicture.js">
        <metrics statements="3" coveredstatements="2" conditionals="0" coveredconditionals="0" methods="1" coveredmethods="0"/>
        <line num="4" count="1" type="stmt"/>
        <line num="12" count="1" type="stmt"/>
        <line num="13" count="0" type="stmt"/>
      </file>
      <file name="MainPicture.js" path="/Users/philiphamner/Documents/HRSF127/Philip_Nordstrom_ProductPhotoCarousel/src/components/MainPicture.js">
        <metrics statements="3" coveredstatements="2" conditionals="0" coveredconditionals="0" methods="1" coveredmethods="0"/>
        <line num="5" count="1" type="stmt"/>
        <line num="13" count="1" type="stmt"/>
        <line num="14" count="0" type="stmt"/>
      </file>
      <file name="MoveCarouselBackwards.js" path="/Users/philiphamner/Documents/HRSF127/Philip_Nordstrom_ProductPhotoCarousel/src/components/MoveCarouselBackwards.js">
        <metrics statements="2" coveredstatements="1" conditionals="0" coveredconditionals="0" methods="1" coveredmethods="0"/>
        <line num="3" count="1" type="stmt"/>
        <line num="4" count="0" type="stmt"/>
      </file>
      <file name="MoveCarouselForward.js" path="/Users/philiphamner/Documents/HRSF127/Philip_Nordstrom_ProductPhotoCarousel/src/components/MoveCarouselForward.js">
        <metrics statements="2" coveredstatements="1" conditionals="0" coveredconditionals="0" methods="1" coveredmethods="0"/>
        <line num="3" count="1" type="stmt"/>
        <line num="4" count="0" type="stmt"/>
      </file>
    </package>
  </project>
</coverage>
