{"/Users/philiphamner/Documents/HRSF127/Philip_Nordstrom_ProductPhotoCarousel/src/shapes.js": {"path":"/Users/philiphamner/Documents/HRSF127/Philip_Nordstrom_ProductPhotoCarousel/src/shapes.js","statementMap":{"0":{"start":{"line":3,"column":24},"end":{"line":3,"column":786}}},"fnMap":{},"branchMap":{},"s":{"0":1},"f":{},"b":{},"_coverageSchema":"1a1c01bbd47fc00a2c39e90264f33305004495a9","hash":"3818d7091a757d3506e129b111853b8c18a25d85"}
,"/Users/philiphamner/Documents/HRSF127/Philip_Nordstrom_ProductPhotoCarousel/src/components/App.js": {"path":"/Users/philiphamner/Documents/HRSF127/Philip_Nordstrom_ProductPhotoCarousel/src/components/App.js","statementMap":{"0":{"start":{"line":12,"column":23},"end":{"line":22,"column":1}},"1":{"start":{"line":24,"column":26},"end":{"line":28,"column":1}},"2":{"start":{"line":30,"column":18},"end":{"line":37,"column":1}},"3":{"start":{"line":39,"column":21},"end":{"line":43,"column":1}},"4":{"start":{"line":47,"column":4},"end":{"line":47,"column":17}},"5":{"start":{"line":48,"column":4},"end":{"line":48,"column":41}},"6":{"start":{"line":50,"column":4},"end":{"line":64,"column":6}},"7":{"start":{"line":65,"column":4},"end":{"line":65,"column":59}},"8":{"start":{"line":66,"column":4},"end":{"line":66,"column":65}},"9":{"start":{"line":67,"column":4},"end":{"line":67,"column":51}},"10":{"start":{"line":68,"column":4},"end":{"line":68,"column":55}},"11":{"start":{"line":69,"column":4},"end":{"line":69,"column":43}},"12":{"start":{"line":70,"column":4},"end":{"line":70,"column":73}},"13":{"start":{"line":71,"column":4},"end":{"line":71,"column":61}},"14":{"start":{"line":72,"column":4},"end":{"line":72,"column":69}},"15":{"start":{"line":73,"column":4},"end":{"line":73,"column":69}},"16":{"start":{"line":74,"column":4},"end":{"line":74,"column":73}},"17":{"start":{"line":79,"column":4},"end":{"line":81,"column":6}},"18":{"start":{"line":92,"column":4},"end":{"line":92,"column":39}},"19":{"start":{"line":96,"column":4},"end":{"line":96,"column":40}},"20":{"start":{"line":101,"column":4},"end":{"line":106,"column":6}},"21":{"start":{"line":107,"column":4},"end":{"line":107,"column":45}},"22":{"start":{"line":111,"column":4},"end":{"line":116,"column":6}},"23":{"start":{"line":117,"column":4},"end":{"line":117,"column":45}},"24":{"start":{"line":121,"column":4},"end":{"line":126,"column":6}},"25":{"start":{"line":127,"column":4},"end":{"line":127,"column":45}},"26":{"start":{"line":134,"column":20},"end":{"line":134,"column":164}},"27":{"start":{"line":155,"column":4},"end":{"line":159,"column":6}},"28":{"start":{"line":160,"column":4},"end":{"line":164,"column":6}},"29":{"start":{"line":169,"column":20},"end":{"line":169,"column":136}},"30":{"start":{"line":170,"column":4},"end":{"line":174,"column":6}},"31":{"start":{"line":175,"column":4},"end":{"line":180,"column":6}},"32":{"start":{"line":185,"column":22},"end":{"line":185,"column":23}},"33":{"start":{"line":186,"column":36},"end":{"line":188,"column":5}},"34":{"start":{"line":187,"column":6},"end":{"line":187,"column":58}},"35":{"start":{"line":189,"column":4},"end":{"line":189,"column":32}},"36":{"start":{"line":191,"column":4},"end":{"line":207,"column":6}},"37":{"start":{"line":194,"column":6},"end":{"line":201,"column":8}},"38":{"start":{"line":202,"column":6},"end":{"line":202,"column":70}},"39":{"start":{"line":206,"column":6},"end":{"line":206,"column":25}},"40":{"start":{"line":216,"column":4},"end":{"line":216,"column":18}},"41":{"start":{"line":221,"column":4},"end":{"line":268,"column":5}}},"fnMap":{"0":{"name":"(anonymous_0)","decl":{"start":{"line":46,"column":2},"end":{"line":46,"column":3}},"loc":{"start":{"line":46,"column":20},"end":{"line":76,"column":3}},"line":46},"1":{"name":"(anonymous_1)","decl":{"start":{"line":78,"column":2},"end":{"line":78,"column":3}},"loc":{"start":{"line":78,"column":24},"end":{"line":83,"column":3}},"line":78},"2":{"name":"(anonymous_2)","decl":{"start":{"line":87,"column":2},"end":{"line":87,"column":3}},"loc":{"start":{"line":87,"column":27},"end":{"line":89,"column":3}},"line":87},"3":{"name":"(anonymous_3)","decl":{"start":{"line":91,"column":2},"end":{"line":91,"column":3}},"loc":{"start":{"line":91,"column":26},"end":{"line":94,"column":3}},"line":91},"4":{"name":"(anonymous_4)","decl":{"start":{"line":95,"column":2},"end":{"line":95,"column":3}},"loc":{"start":{"line":95,"column":20},"end":{"line":97,"column":3}},"line":95},"5":{"name":"(anonymous_5)","decl":{"start":{"line":100,"column":2},"end":{"line":100,"column":3}},"loc":{"start":{"line":100,"column":24},"end":{"line":108,"column":3}},"line":100},"6":{"name":"(anonymous_6)","decl":{"start":{"line":110,"column":2},"end":{"line":110,"column":3}},"loc":{"start":{"line":110,"column":24},"end":{"line":118,"column":3}},"line":110},"7":{"name":"(anonymous_7)","decl":{"start":{"line":120,"column":2},"end":{"line":120,"column":3}},"loc":{"start":{"line":120,"column":26},"end":{"line":128,"column":3}},"line":120},"8":{"name":"(anonymous_8)","decl":{"start":{"line":132,"column":2},"end":{"line":132,"column":3}},"loc":{"start":{"line":132,"column":15},"end":{"line":166,"column":3}},"line":132},"9":{"name":"(anonymous_9)","decl":{"start":{"line":168,"column":2},"end":{"line":168,"column":3}},"loc":{"start":{"line":168,"column":17},"end":{"line":182,"column":3}},"line":168},"10":{"name":"(anonymous_10)","decl":{"start":{"line":184,"column":2},"end":{"line":184,"column":3}},"loc":{"start":{"line":184,"column":11},"end":{"line":213,"column":3}},"line":184},"11":{"name":"(anonymous_11)","decl":{"start":{"line":186,"column":36},"end":{"line":186,"column":37}},"loc":{"start":{"line":186,"column":47},"end":{"line":188,"column":5}},"line":186},"12":{"name":"(anonymous_12)","decl":{"start":{"line":192,"column":10},"end":{"line":192,"column":11}},"loc":{"start":{"line":192,"column":22},"end":{"line":203,"column":5}},"line":192},"13":{"name":"(anonymous_13)","decl":{"start":{"line":204,"column":11},"end":{"line":204,"column":12}},"loc":{"start":{"line":204,"column":20},"end":{"line":207,"column":5}},"line":204},"14":{"name":"(anonymous_14)","decl":{"start":{"line":215,"column":2},"end":{"line":215,"column":3}},"loc":{"start":{"line":215,"column":21},"end":{"line":217,"column":3}},"line":215},"15":{"name":"(anonymous_15)","decl":{"start":{"line":219,"column":2},"end":{"line":219,"column":3}},"loc":{"start":{"line":219,"column":11},"end":{"line":269,"column":3}},"line":219}},"branchMap":{"0":{"loc":{"start":{"line":134,"column":20},"end":{"line":134,"column":164}},"type":"cond-expr","locations":[{"start":{"line":134,"column":91},"end":{"line":134,"column":123}},{"start":{"line":134,"column":126},"end":{"line":134,"column":164}}],"line":134},"1":{"loc":{"start":{"line":169,"column":20},"end":{"line":169,"column":136}},"type":"cond-expr","locations":[{"start":{"line":169,"column":63},"end":{"line":169,"column":95}},{"start":{"line":169,"column":98},"end":{"line":169,"column":136}}],"line":169},"2":{"loc":{"start":{"line":246,"column":9},"end":{"line":265,"column":18}},"type":"cond-expr","locations":[{"start":{"line":247,"column":14},"end":{"line":264,"column":22}},{"start":{"line":265,"column":14},"end":{"line":265,"column":18}}],"line":246}},"s":{"0":1,"1":1,"2":1,"3":1,"4":1,"5":1,"6":1,"7":1,"8":1,"9":1,"10":1,"11":1,"12":1,"13":1,"14":1,"15":1,"16":1,"17":0,"18":0,"19":0,"20":0,"21":0,"22":0,"23":0,"24":0,"25":0,"26":0,"27":0,"28":0,"29":0,"30":0,"31":0,"32":1,"33":1,"34":1,"35":1,"36":1,"37":0,"38":0,"39":0,"40":1,"41":1},"f":{"0":1,"1":0,"2":0,"3":0,"4":0,"5":0,"6":0,"7":0,"8":0,"9":0,"10":1,"11":1,"12":0,"13":0,"14":1,"15":1},"b":{"0":[0,0],"1":[0,0],"2":[0,1]},"_coverageSchema":"1a1c01bbd47fc00a2c39e90264f33305004495a9","hash":"55b4cec2393fbee05d254fbc521b8fb31288ce0e"}
,"/Users/philiphamner/Documents/HRSF127/Philip_Nordstrom_ProductPhotoCarousel/src/components/Carousel.js": {"path":"/Users/philiphamner/Documents/HRSF127/Philip_Nordstrom_ProductPhotoCarousel/src/components/Carousel.js","statementMap":{"0":{"start":{"line":5,"column":25},"end":{"line":11,"column":1}},"1":{"start":{"line":13,"column":15},"end":{"line":29,"column":2}},"2":{"start":{"line":15,"column":2},"end":{"line":27,"column":21}},"3":{"start":{"line":18,"column":6},"end":{"line":24,"column":8}}},"fnMap":{"0":{"name":"(anonymous_0)","decl":{"start":{"line":13,"column":32},"end":{"line":13,"column":33}},"loc":{"start":{"line":15,"column":2},"end":{"line":27,"column":21}},"line":15},"1":{"name":"(anonymous_1)","decl":{"start":{"line":17,"column":24},"end":{"line":17,"column":25}},"loc":{"start":{"line":18,"column":6},"end":{"line":24,"column":8}},"line":18}},"branchMap":{},"s":{"0":2,"1":2,"2":1,"3":2},"f":{"0":1,"1":2},"b":{},"_coverageSchema":"1a1c01bbd47fc00a2c39e90264f33305004495a9","hash":"8c15c76663fc686901f87e697d8d66b144c13f82"}
,"/Users/philiphamner/Documents/HRSF127/Philip_Nordstrom_ProductPhotoCarousel/src/components/CarouselPicture.js": {"path":"/Users/philiphamner/Documents/HRSF127/Philip_Nordstrom_ProductPhotoCarousel/src/components/CarouselPicture.js","statementMap":{"0":{"start":{"line":5,"column":16},"end":{"line":5,"column":28}},"1":{"start":{"line":7,"column":14},"end":{"line":16,"column":1}},"2":{"start":{"line":18,"column":18},"end":{"line":29,"column":1}},"3":{"start":{"line":23,"column":25},"end":{"line":23,"column":71}},"4":{"start":{"line":33,"column":22},"end":{"line":48,"column":1}},"5":{"start":{"line":42,"column":2},"end":{"line":47,"column":3}}},"fnMap":{"0":{"name":"(anonymous_0)","decl":{"start":{"line":23,"column":16},"end":{"line":23,"column":17}},"loc":{"start":{"line":23,"column":25},"end":{"line":23,"column":71}},"line":23},"1":{"name":"(anonymous_1)","decl":{"start":{"line":33,"column":22},"end":{"line":33,"column":23}},"loc":{"start":{"line":33,"column":37},"end":{"line":48,"column":1}},"line":33}},"branchMap":{"0":{"loc":{"start":{"line":23,"column":25},"end":{"line":23,"column":71}},"type":"cond-expr","locations":[{"start":{"line":23,"column":52},"end":{"line":23,"column":61}},{"start":{"line":23,"column":64},"end":{"line":23,"column":71}}],"line":23}},"s":{"0":3,"1":3,"2":3,"3":0,"4":3,"5":2},"f":{"0":0,"1":2},"b":{"0":[0,0]},"_coverageSchema":"1a1c01bbd47fc00a2c39e90264f33305004495a9","hash":"ac69cf9a83d96f24358b4d390032261c58b90d08"}
,"/Users/philiphamner/Documents/HRSF127/Philip_Nordstrom_ProductPhotoCarousel/src/components/MainPicture.js": {"path":"/Users/philiphamner/Documents/HRSF127/Philip_Nordstrom_ProductPhotoCarousel/src/components/MainPicture.js","statementMap":{"0":{"start":{"line":5,"column":18},"end":{"line":7,"column":1}},"1":{"start":{"line":9,"column":18},"end":{"line":19,"column":1}},"2":{"start":{"line":23,"column":18},"end":{"line":29,"column":1}},"3":{"start":{"line":24,"column":2},"end":{"line":28,"column":3}}},"fnMap":{"0":{"name":"(anonymous_0)","decl":{"start":{"line":23,"column":18},"end":{"line":23,"column":19}},"loc":{"start":{"line":23,"column":33},"end":{"line":29,"column":1}},"line":23}},"branchMap":{},"s":{"0":1,"1":1,"2":1,"3":0},"f":{"0":0},"b":{},"_coverageSchema":"1a1c01bbd47fc00a2c39e90264f33305004495a9","hash":"5c024a4a6440b47db32f4d597185a77aeeab9798"}
,"/Users/philiphamner/Documents/HRSF127/Philip_Nordstrom_ProductPhotoCarousel/src/components/Modal.js": {"path":"/Users/philiphamner/Documents/HRSF127/Philip_Nordstrom_ProductPhotoCarousel/src/components/Modal.js","statementMap":{"0":{"start":{"line":9,"column":18},"end":{"line":9,"column":55}},"1":{"start":{"line":11,"column":27},"end":{"line":23,"column":1}},"2":{"start":{"line":25,"column":19},"end":{"line":35,"column":1}},"3":{"start":{"line":37,"column":19},"end":{"line":41,"column":1}},"4":{"start":{"line":43,"column":21},"end":{"line":48,"column":1}},"5":{"start":{"line":50,"column":33},"end":{"line":58,"column":1}},"6":{"start":{"line":60,"column":30},"end":{"line":71,"column":1}},"7":{"start":{"line":73,"column":27},"end":{"line":82,"column":1}},"8":{"start":{"line":84,"column":16},"end":{"line":87,"column":1}},"9":{"start":{"line":89,"column":20},"end":{"line":100,"column":1}},"10":{"start":{"line":102,"column":19},"end":{"line":106,"column":1}},"11":{"start":{"line":111,"column":4},"end":{"line":111,"column":17}},"12":{"start":{"line":113,"column":4},"end":{"line":113,"column":20}},"13":{"start":{"line":117,"column":4},"end":{"line":173,"column":5}}},"fnMap":{"0":{"name":"(anonymous_0)","decl":{"start":{"line":110,"column":2},"end":{"line":110,"column":3}},"loc":{"start":{"line":110,"column":20},"end":{"line":114,"column":3}},"line":110},"1":{"name":"(anonymous_1)","decl":{"start":{"line":116,"column":2},"end":{"line":116,"column":3}},"loc":{"start":{"line":116,"column":11},"end":{"line":174,"column":3}},"line":116}},"branchMap":{},"s":{"0":1,"1":1,"2":1,"3":1,"4":1,"5":1,"6":1,"7":1,"8":1,"9":1,"10":1,"11":0,"12":0,"13":0},"f":{"0":0,"1":0},"b":{},"_coverageSchema":"1a1c01bbd47fc00a2c39e90264f33305004495a9","hash":"f5ff6a69d8d40a16b7e290a328936400dce1b337"}
,"/Users/philiphamner/Documents/HRSF127/Philip_Nordstrom_ProductPhotoCarousel/src/components/ModalColors.js": {"path":"/Users/philiphamner/Documents/HRSF127/Philip_Nordstrom_ProductPhotoCarousel/src/components/ModalColors.js","statementMap":{"0":{"start":{"line":4,"column":18},"end":{"line":18,"column":1}},"1":{"start":{"line":20,"column":18},"end":{"line":35,"column":1}},"2":{"start":{"line":38,"column":20},"end":{"line":52,"column":1}},"3":{"start":{"line":54,"column":18},"end":{"line":62,"column":1}},"4":{"start":{"line":64,"column":13},"end":{"line":71,"column":1}},"5":{"start":{"line":75,"column":18},"end":{"line":87,"column":1}},"6":{"start":{"line":76,"column":2},"end":{"line":76,"column":20}},"7":{"start":{"line":77,"column":2},"end":{"line":86,"column":3}}},"fnMap":{"0":{"name":"(anonymous_0)","decl":{"start":{"line":75,"column":18},"end":{"line":75,"column":19}},"loc":{"start":{"line":75,"column":33},"end":{"line":87,"column":1}},"line":75}},"branchMap":{},"s":{"0":1,"1":1,"2":1,"3":1,"4":1,"5":1,"6":0,"7":0},"f":{"0":0},"b":{},"_coverageSchema":"1a1c01bbd47fc00a2c39e90264f33305004495a9","hash":"e6bd4c571f8b2b54a2a6c7b175358b376f6d135a"}
,"/Users/philiphamner/Documents/HRSF127/Philip_Nordstrom_ProductPhotoCarousel/src/components/MoveCarouselBackwards.js": {"path":"/Users/philiphamner/Documents/HRSF127/Philip_Nordstrom_ProductPhotoCarousel/src/components/MoveCarouselBackwards.js","statementMap":{"0":{"start":{"line":6,"column":28},"end":{"line":14,"column":1}},"1":{"start":{"line":16,"column":18},"end":{"line":18,"column":1}},"2":{"start":{"line":20,"column":28},"end":{"line":38,"column":1}},"3":{"start":{"line":22,"column":2},"end":{"line":37,"column":3}},"4":{"start":{"line":23,"column":4},"end":{"line":34,"column":5}},"5":{"start":{"line":36,"column":4},"end":{"line":36,"column":16}}},"fnMap":{"0":{"name":"(anonymous_0)","decl":{"start":{"line":20,"column":28},"end":{"line":20,"column":29}},"loc":{"start":{"line":20,"column":43},"end":{"line":38,"column":1}},"line":20}},"branchMap":{"0":{"loc":{"start":{"line":22,"column":2},"end":{"line":37,"column":3}},"type":"if","locations":[{"start":{"line":22,"column":2},"end":{"line":37,"column":3}},{"start":{"line":22,"column":2},"end":{"line":37,"column":3}}],"line":22}},"s":{"0":1,"1":1,"2":1,"3":0,"4":0,"5":0},"f":{"0":0},"b":{"0":[0,0]},"_coverageSchema":"1a1c01bbd47fc00a2c39e90264f33305004495a9","hash":"42ce91779e2d66ab080ae671f3855f449d341573"}
,"/Users/philiphamner/Documents/HRSF127/Philip_Nordstrom_ProductPhotoCarousel/src/components/MoveCarouselForward.js": {"path":"/Users/philiphamner/Documents/HRSF127/Philip_Nordstrom_ProductPhotoCarousel/src/components/MoveCarouselForward.js","statementMap":{"0":{"start":{"line":4,"column":26},"end":{"line":11,"column":1}},"1":{"start":{"line":13,"column":18},"end":{"line":15,"column":1}},"2":{"start":{"line":17,"column":26},"end":{"line":37,"column":1}},"3":{"start":{"line":19,"column":2},"end":{"line":35,"column":3}},"4":{"start":{"line":20,"column":4},"end":{"line":32,"column":5}},"5":{"start":{"line":34,"column":4},"end":{"line":34,"column":16}}},"fnMap":{"0":{"name":"(anonymous_0)","decl":{"start":{"line":17,"column":26},"end":{"line":17,"column":27}},"loc":{"start":{"line":17,"column":41},"end":{"line":37,"column":1}},"line":17}},"branchMap":{"0":{"loc":{"start":{"line":19,"column":2},"end":{"line":35,"column":3}},"type":"if","locations":[{"start":{"line":19,"column":2},"end":{"line":35,"column":3}},{"start":{"line":19,"column":2},"end":{"line":35,"column":3}}],"line":19}},"s":{"0":2,"1":2,"2":2,"3":2,"4":0,"5":2},"f":{"0":2},"b":{"0":[0,2]},"_coverageSchema":"1a1c01bbd47fc00a2c39e90264f33305004495a9","hash":"e7a9f6d1f7780100c63fcbd4ed109aa83ad8a403"}
}
