{"/Users/philiphamner/Documents/HRSF127/Philip_Nordstrom_ProductPhotoCarousel/counter.js": {"path":"/Users/philiphamner/Documents/HRSF127/Philip_Nordstrom_ProductPhotoCarousel/counter.js","statementMap":{"0":{"start":{"line":5,"column":4},"end":{"line":5,"column":11}},"1":{"start":{"line":6,"column":4},"end":{"line":8,"column":5}},"2":{"start":{"line":9,"column":4},"end":{"line":9,"column":46}},"3":{"start":{"line":13,"column":4},"end":{"line":17,"column":6}},"4":{"start":{"line":14,"column":6},"end":{"line":16,"column":7}},"5":{"start":{"line":21,"column":4},"end":{"line":26,"column":5}}},"fnMap":{"0":{"name":"(anonymous_0)","decl":{"start":{"line":4,"column":2},"end":{"line":4,"column":3}},"loc":{"start":{"line":4,"column":15},"end":{"line":10,"column":3}},"line":4},"1":{"name":"(anonymous_1)","decl":{"start":{"line":12,"column":2},"end":{"line":12,"column":3}},"loc":{"start":{"line":12,"column":13},"end":{"line":18,"column":3}},"line":12},"2":{"name":"(anonymous_2)","decl":{"start":{"line":13,"column":18},"end":{"line":13,"column":19}},"loc":{"start":{"line":13,"column":31},"end":{"line":17,"column":5}},"line":13},"3":{"name":"(anonymous_3)","decl":{"start":{"line":20,"column":2},"end":{"line":20,"column":3}},"loc":{"start":{"line":20,"column":10},"end":{"line":27,"column":3}},"line":20}},"branchMap":{},"s":{"0":1,"1":1,"2":1,"3":0,"4":0,"5":1},"f":{"0":1,"1":0,"2":0,"3":1},"b":{},"_coverageSchema":"1a1c01bbd47fc00a2c39e90264f33305004495a9","hash":"9189819845f2deafcd0b0ebd22face97cb9662f6"}
,"/Users/philiphamner/Documents/HRSF127/Philip_Nordstrom_ProductPhotoCarousel/src/shapes.js": {"path":"/Users/philiphamner/Documents/HRSF127/Philip_Nordstrom_ProductPhotoCarousel/src/shapes.js","statementMap":{"0":{"start":{"line":3,"column":16},"end":{"line":3,"column":778}}},"fnMap":{},"branchMap":{},"s":{"0":1},"f":{},"b":{},"_coverageSchema":"1a1c01bbd47fc00a2c39e90264f33305004495a9","hash":"4d1bd6be54aadc3e1a1648ad2c147f86ebf9657b"}
,"/Users/philiphamner/Documents/HRSF127/Philip_Nordstrom_ProductPhotoCarousel/src/components/App.js": {"path":"/Users/philiphamner/Documents/HRSF127/Philip_Nordstrom_ProductPhotoCarousel/src/components/App.js","statementMap":{"0":{"start":{"line":9,"column":23},"end":{"line":19,"column":1}},"1":{"start":{"line":21,"column":18},"end":{"line":28,"column":1}},"2":{"start":{"line":30,"column":21},"end":{"line":34,"column":1}},"3":{"start":{"line":38,"column":4},"end":{"line":38,"column":17}},"4":{"start":{"line":39,"column":4},"end":{"line":39,"column":41}},"5":{"start":{"line":41,"column":4},"end":{"line":48,"column":6}},"6":{"start":{"line":49,"column":4},"end":{"line":49,"column":59}},"7":{"start":{"line":50,"column":4},"end":{"line":50,"column":65}},"8":{"start":{"line":51,"column":4},"end":{"line":51,"column":51}},"9":{"start":{"line":52,"column":4},"end":{"line":52,"column":55}},"10":{"start":{"line":56,"column":4},"end":{"line":58,"column":6}},"11":{"start":{"line":59,"column":4},"end":{"line":59,"column":33}},"12":{"start":{"line":63,"column":4},"end":{"line":63,"column":29}},"13":{"start":{"line":68,"column":20},"end":{"line":68,"column":164}},"14":{"start":{"line":69,"column":4},"end":{"line":71,"column":6}},"15":{"start":{"line":72,"column":4},"end":{"line":76,"column":6}},"16":{"start":{"line":77,"column":4},"end":{"line":77,"column":60}},"17":{"start":{"line":81,"column":20},"end":{"line":81,"column":136}},"18":{"start":{"line":82,"column":4},"end":{"line":84,"column":6}},"19":{"start":{"line":85,"column":4},"end":{"line":89,"column":6}},"20":{"start":{"line":90,"column":4},"end":{"line":90,"column":62}},"21":{"start":{"line":94,"column":22},"end":{"line":94,"column":23}},"22":{"start":{"line":95,"column":36},"end":{"line":97,"column":5}},"23":{"start":{"line":96,"column":6},"end":{"line":96,"column":58}},"24":{"start":{"line":98,"column":4},"end":{"line":98,"column":32}},"25":{"start":{"line":100,"column":4},"end":{"line":116,"column":7}},"26":{"start":{"line":103,"column":6},"end":{"line":107,"column":8}},"27":{"start":{"line":108,"column":6},"end":{"line":108,"column":70}},"28":{"start":{"line":112,"column":6},"end":{"line":112,"column":25}},"29":{"start":{"line":121,"column":4},"end":{"line":140,"column":5}}},"fnMap":{"0":{"name":"(anonymous_0)","decl":{"start":{"line":37,"column":2},"end":{"line":37,"column":3}},"loc":{"start":{"line":37,"column":20},"end":{"line":53,"column":3}},"line":37},"1":{"name":"(anonymous_1)","decl":{"start":{"line":55,"column":2},"end":{"line":55,"column":3}},"loc":{"start":{"line":55,"column":24},"end":{"line":60,"column":3}},"line":55},"2":{"name":"(anonymous_2)","decl":{"start":{"line":62,"column":2},"end":{"line":62,"column":3}},"loc":{"start":{"line":62,"column":27},"end":{"line":64,"column":3}},"line":62},"3":{"name":"(anonymous_3)","decl":{"start":{"line":66,"column":2},"end":{"line":66,"column":3}},"loc":{"start":{"line":66,"column":15},"end":{"line":78,"column":3}},"line":66},"4":{"name":"(anonymous_4)","decl":{"start":{"line":80,"column":2},"end":{"line":80,"column":3}},"loc":{"start":{"line":80,"column":17},"end":{"line":91,"column":3}},"line":80},"5":{"name":"(anonymous_5)","decl":{"start":{"line":93,"column":2},"end":{"line":93,"column":3}},"loc":{"start":{"line":93,"column":21},"end":{"line":117,"column":3}},"line":93},"6":{"name":"(anonymous_6)","decl":{"start":{"line":95,"column":36},"end":{"line":95,"column":37}},"loc":{"start":{"line":95,"column":47},"end":{"line":97,"column":5}},"line":95},"7":{"name":"(anonymous_7)","decl":{"start":{"line":101,"column":10},"end":{"line":101,"column":11}},"loc":{"start":{"line":101,"column":22},"end":{"line":109,"column":5}},"line":101},"8":{"name":"(anonymous_8)","decl":{"start":{"line":110,"column":11},"end":{"line":110,"column":12}},"loc":{"start":{"line":110,"column":20},"end":{"line":113,"column":5}},"line":110},"9":{"name":"(anonymous_9)","decl":{"start":{"line":114,"column":13},"end":{"line":114,"column":14}},"loc":{"start":{"line":114,"column":19},"end":{"line":116,"column":5}},"line":114},"10":{"name":"(anonymous_10)","decl":{"start":{"line":119,"column":2},"end":{"line":119,"column":3}},"loc":{"start":{"line":119,"column":11},"end":{"line":141,"column":3}},"line":119}},"branchMap":{"0":{"loc":{"start":{"line":68,"column":20},"end":{"line":68,"column":164}},"type":"cond-expr","locations":[{"start":{"line":68,"column":91},"end":{"line":68,"column":123}},{"start":{"line":68,"column":126},"end":{"line":68,"column":164}}],"line":68},"1":{"loc":{"start":{"line":81,"column":20},"end":{"line":81,"column":136}},"type":"cond-expr","locations":[{"start":{"line":81,"column":63},"end":{"line":81,"column":95}},{"start":{"line":81,"column":98},"end":{"line":81,"column":136}}],"line":81}},"s":{"0":1,"1":1,"2":1,"3":1,"4":1,"5":1,"6":1,"7":1,"8":1,"9":1,"10":0,"11":0,"12":0,"13":0,"14":0,"15":0,"16":0,"17":0,"18":0,"19":0,"20":0,"21":1,"22":1,"23":1,"24":1,"25":1,"26":0,"27":0,"28":0,"29":1},"f":{"0":1,"1":0,"2":0,"3":0,"4":0,"5":1,"6":1,"7":0,"8":0,"9":0,"10":1},"b":{"0":[0,0],"1":[0,0]},"_coverageSchema":"1a1c01bbd47fc00a2c39e90264f33305004495a9","hash":"7c05cf7239e383a7e873d6c44013746d7e905b4f"}
,"/Users/philiphamner/Documents/HRSF127/Philip_Nordstrom_ProductPhotoCarousel/src/components/Carousel.js": {"path":"/Users/philiphamner/Documents/HRSF127/Philip_Nordstrom_ProductPhotoCarousel/src/components/Carousel.js","statementMap":{"0":{"start":{"line":5,"column":25},"end":{"line":11,"column":1}},"1":{"start":{"line":13,"column":15},"end":{"line":23,"column":2}},"2":{"start":{"line":15,"column":2},"end":{"line":21,"column":21}},"3":{"start":{"line":18,"column":6},"end":{"line":18,"column":96}}},"fnMap":{"0":{"name":"(anonymous_0)","decl":{"start":{"line":13,"column":32},"end":{"line":13,"column":33}},"loc":{"start":{"line":15,"column":2},"end":{"line":21,"column":21}},"line":15},"1":{"name":"(anonymous_1)","decl":{"start":{"line":17,"column":24},"end":{"line":17,"column":25}},"loc":{"start":{"line":18,"column":6},"end":{"line":18,"column":96}},"line":18}},"branchMap":{},"s":{"0":1,"1":1,"2":0,"3":0},"f":{"0":0,"1":0},"b":{},"_coverageSchema":"1a1c01bbd47fc00a2c39e90264f33305004495a9","hash":"5b31e42dc3fad2c6fd2a8edf2298f7e1d2238dc1"}
,"/Users/philiphamner/Documents/HRSF127/Philip_Nordstrom_ProductPhotoCarousel/src/components/CarouselPicture.js": {"path":"/Users/philiphamner/Documents/HRSF127/Philip_Nordstrom_ProductPhotoCarousel/src/components/CarouselPicture.js","statementMap":{"0":{"start":{"line":4,"column":14},"end":{"line":10,"column":1}},"1":{"start":{"line":12,"column":22},"end":{"line":16,"column":1}},"2":{"start":{"line":13,"column":2},"end":{"line":15,"column":3}}},"fnMap":{"0":{"name":"(anonymous_0)","decl":{"start":{"line":12,"column":22},"end":{"line":12,"column":23}},"loc":{"start":{"line":12,"column":37},"end":{"line":16,"column":1}},"line":12}},"branchMap":{},"s":{"0":1,"1":1,"2":0},"f":{"0":0},"b":{},"_coverageSchema":"1a1c01bbd47fc00a2c39e90264f33305004495a9","hash":"cbcb1a0789a244a3b5ee9d855503d3a9e7c5c22c"}
,"/Users/philiphamner/Documents/HRSF127/Philip_Nordstrom_ProductPhotoCarousel/src/components/MainPicture.js": {"path":"/Users/philiphamner/Documents/HRSF127/Philip_Nordstrom_ProductPhotoCarousel/src/components/MainPicture.js","statementMap":{"0":{"start":{"line":5,"column":18},"end":{"line":11,"column":1}},"1":{"start":{"line":13,"column":18},"end":{"line":19,"column":1}},"2":{"start":{"line":14,"column":2},"end":{"line":18,"column":3}}},"fnMap":{"0":{"name":"(anonymous_0)","decl":{"start":{"line":13,"column":18},"end":{"line":13,"column":19}},"loc":{"start":{"line":13,"column":33},"end":{"line":19,"column":1}},"line":13}},"branchMap":{},"s":{"0":1,"1":1,"2":0},"f":{"0":0},"b":{},"_coverageSchema":"1a1c01bbd47fc00a2c39e90264f33305004495a9","hash":"aeb25fd36da14658fc2321173a37b52554e21b48"}
,"/Users/philiphamner/Documents/HRSF127/Philip_Nordstrom_ProductPhotoCarousel/src/components/MoveCarouselBackwards.js": {"path":"/Users/philiphamner/Documents/HRSF127/Philip_Nordstrom_ProductPhotoCarousel/src/components/MoveCarouselBackwards.js","statementMap":{"0":{"start":{"line":3,"column":28},"end":{"line":9,"column":1}},"1":{"start":{"line":4,"column":2},"end":{"line":8,"column":3}}},"fnMap":{"0":{"name":"(anonymous_0)","decl":{"start":{"line":3,"column":28},"end":{"line":3,"column":29}},"loc":{"start":{"line":3,"column":43},"end":{"line":9,"column":1}},"line":3}},"branchMap":{},"s":{"0":1,"1":0},"f":{"0":0},"b":{},"_coverageSchema":"1a1c01bbd47fc00a2c39e90264f33305004495a9","hash":"ccbbc2e5209b672999307b847b6e3f88834b3e43"}
,"/Users/philiphamner/Documents/HRSF127/Philip_Nordstrom_ProductPhotoCarousel/src/components/MoveCarouselForward.js": {"path":"/Users/philiphamner/Documents/HRSF127/Philip_Nordstrom_ProductPhotoCarousel/src/components/MoveCarouselForward.js","statementMap":{"0":{"start":{"line":3,"column":26},"end":{"line":9,"column":1}},"1":{"start":{"line":4,"column":2},"end":{"line":8,"column":3}}},"fnMap":{"0":{"name":"(anonymous_0)","decl":{"start":{"line":3,"column":26},"end":{"line":3,"column":27}},"loc":{"start":{"line":3,"column":41},"end":{"line":9,"column":1}},"line":3}},"branchMap":{},"s":{"0":1,"1":0},"f":{"0":0},"b":{},"_coverageSchema":"1a1c01bbd47fc00a2c39e90264f33305004495a9","hash":"87f9abb75ae2659ab4db058f6d8f6c90c3291db4"}
}
