TN:
SF:src/shapes.js
FNF:0
FNH:0
DA:3,1
DA:7,1
LF:2
LH:2
BRF:0
BRH:0
end_of_record
TN:
SF:src/components/App.js
FN:38,(anonymous_0)
FN:57,(anonymous_1)
FN:64,(anonymous_2)
FN:68,(anonymous_3)
FN:82,(anonymous_4)
FN:95,(anonymous_5)
FN:97,(anonymous_6)
FN:103,(anonymous_7)
FN:112,(anonymous_8)
FN:123,(anonymous_9)
FN:127,(anonymous_10)
FNF:11
FNH:5
FNDA:1,(anonymous_0)
FNDA:0,(anonymous_1)
FNDA:0,(anonymous_2)
FNDA:0,(anonymous_3)
FNDA:0,(anonymous_4)
FNDA:1,(anonymous_5)
FNDA:1,(anonymous_6)
FNDA:0,(anonymous_7)
FNDA:0,(anonymous_8)
FNDA:1,(anonymous_9)
FNDA:1,(anonymous_10)
DA:10,1
DA:22,1
DA:31,1
DA:39,1
DA:40,1
DA:42,1
DA:50,1
DA:51,1
DA:52,1
DA:53,1
DA:54,1
DA:58,0
DA:61,0
DA:65,0
DA:70,0
DA:71,0
DA:74,0
DA:79,0
DA:83,0
DA:84,0
DA:87,0
DA:92,0
DA:96,1
DA:97,1
DA:98,1
DA:100,1
DA:102,1
DA:105,0
DA:110,0
DA:114,0
DA:124,1
DA:129,1
LF:32
LH:18
BRDA:70,0,0,0
BRDA:70,0,1,0
BRDA:83,1,0,0
BRDA:83,1,1,0
BRF:4
BRH:0
end_of_record
TN:
SF:src/components/Carousel.js
FN:13,(anonymous_0)
FN:17,(anonymous_1)
FNF:2
FNH:2
FNDA:1,(anonymous_0)
FNDA:2,(anonymous_1)
DA:5,2
DA:13,2
DA:15,1
DA:18,2
LF:4
LH:4
BRF:0
BRH:0
end_of_record
TN:
SF:src/components/CarouselPicture.js
FN:23,(anonymous_0)
FN:33,(anonymous_1)
FNF:2
FNH:1
FNDA:0,(anonymous_0)
FNDA:2,(anonymous_1)
DA:5,3
DA:7,3
DA:18,3
DA:23,0
DA:33,3
DA:34,2
DA:35,2
DA:42,2
LF:8
LH:7
BRDA:23,0,0,0
BRDA:23,0,1,0
BRF:2
BRH:0
end_of_record
TN:
SF:src/components/MainPicture.js
FN:21,(anonymous_0)
FNF:1
FNH:0
FNDA:0,(anonymous_0)
DA:5,1
DA:13,1
DA:21,1
DA:22,0
LF:4
LH:3
BRF:0
BRH:0
end_of_record
TN:
SF:src/components/MoveCarouselBackwards.js
FN:17,(anonymous_0)
FNF:1
FNH:0
FNDA:0,(anonymous_0)
DA:6,1
DA:17,1
DA:18,0
LF:3
LH:2
BRF:0
BRH:0
end_of_record
TN:
SF:src/components/MoveCarouselForward.js
FN:15,(anonymous_0)
FNF:1
FNH:1
FNDA:2,(anonymous_0)
DA:5,2
DA:15,2
DA:16,2
DA:17,2
LF:4
LH:4
BRF:0
BRH:0
end_of_record
