TN:
SF:src/shapes.js
FNF:0
FNH:0
DA:3,1
LF:1
LH:1
BRF:0
BRH:0
end_of_record
TN:
SF:src/components/App.js
FN:46,(anonymous_0)
FN:78,(anonymous_1)
FN:87,(anonymous_2)
FN:91,(anonymous_3)
FN:95,(anonymous_4)
FN:100,(anonymous_5)
FN:110,(anonymous_6)
FN:120,(anonymous_7)
FN:132,(anonymous_8)
FN:168,(anonymous_9)
FN:184,(anonymous_10)
FN:186,(anonymous_11)
FN:192,(anonymous_12)
FN:204,(anonymous_13)
FN:215,(anonymous_14)
FN:219,(anonymous_15)
FNF:16
FNH:5
FNDA:1,(anonymous_0)
FNDA:0,(anonymous_1)
FNDA:0,(anonymous_2)
FNDA:0,(anonymous_3)
FNDA:0,(anonymous_4)
FNDA:0,(anonymous_5)
FNDA:0,(anonymous_6)
FNDA:0,(anonymous_7)
FNDA:0,(anonymous_8)
FNDA:0,(anonymous_9)
FNDA:1,(anonymous_10)
FNDA:1,(anonymous_11)
FNDA:0,(anonymous_12)
FNDA:0,(anonymous_13)
FNDA:1,(anonymous_14)
FNDA:1,(anonymous_15)
DA:12,1
DA:24,1
DA:30,1
DA:39,1
DA:47,1
DA:48,1
DA:50,1
DA:65,1
DA:66,1
DA:67,1
DA:68,1
DA:69,1
DA:70,1
DA:71,1
DA:72,1
DA:73,1
DA:74,1
DA:79,0
DA:92,0
DA:96,0
DA:101,0
DA:107,0
DA:111,0
DA:117,0
DA:121,0
DA:127,0
DA:134,0
DA:155,0
DA:160,0
DA:169,0
DA:170,0
DA:175,0
DA:185,1
DA:186,1
DA:187,1
DA:189,1
DA:191,1
DA:194,0
DA:202,0
DA:206,0
DA:216,1
DA:221,1
LF:42
LH:24
BRDA:134,0,0,0
BRDA:134,0,1,0
BRDA:169,1,0,0
BRDA:169,1,1,0
BRDA:246,2,0,0
BRDA:246,2,1,1
BRF:6
BRH:1
end_of_record
TN:
SF:src/components/Carousel.js
FN:13,(anonymous_0)
FN:17,(anonymous_1)
FNF:2
FNH:2
FNDA:1,(anonymous_0)
FNDA:2,(anonymous_1)
DA:5,2
DA:13,2
DA:15,1
DA:18,2
LF:4
LH:4
BRF:0
BRH:0
end_of_record
TN:
SF:src/components/CarouselPicture.js
FN:23,(anonymous_0)
FN:33,(anonymous_1)
FNF:2
FNH:1
FNDA:0,(anonymous_0)
FNDA:2,(anonymous_1)
DA:5,3
DA:7,3
DA:18,3
DA:23,0
DA:33,3
DA:42,2
LF:6
LH:5
BRDA:23,0,0,0
BRDA:23,0,1,0
BRF:2
BRH:0
end_of_record
TN:
SF:src/components/MainPicture.js
FN:23,(anonymous_0)
FNF:1
FNH:0
FNDA:0,(anonymous_0)
DA:5,1
DA:9,1
DA:23,1
DA:24,0
LF:4
LH:3
BRF:0
BRH:0
end_of_record
TN:
SF:src/components/Modal.js
FN:110,(anonymous_0)
FN:116,(anonymous_1)
FNF:2
FNH:0
FNDA:0,(anonymous_0)
FNDA:0,(anonymous_1)
DA:9,1
DA:11,1
DA:25,1
DA:37,1
DA:43,1
DA:50,1
DA:60,1
DA:73,1
DA:84,1
DA:89,1
DA:102,1
DA:111,0
DA:113,0
DA:117,0
LF:14
LH:11
BRF:0
BRH:0
end_of_record
TN:
SF:src/components/ModalColors.js
FN:75,(anonymous_0)
FNF:1
FNH:0
FNDA:0,(anonymous_0)
DA:4,1
DA:20,1
DA:38,1
DA:54,1
DA:64,1
DA:75,1
DA:76,0
DA:77,0
LF:8
LH:6
BRF:0
BRH:0
end_of_record
TN:
SF:src/components/MoveCarouselBackwards.js
FN:20,(anonymous_0)
FNF:1
FNH:0
FNDA:0,(anonymous_0)
DA:6,1
DA:16,1
DA:20,1
DA:22,0
DA:23,0
DA:36,0
LF:6
LH:3
BRDA:22,0,0,0
BRDA:22,0,1,0
BRF:2
BRH:0
end_of_record
TN:
SF:src/components/MoveCarouselForward.js
FN:17,(anonymous_0)
FNF:1
FNH:1
FNDA:2,(anonymous_0)
DA:4,2
DA:13,2
DA:17,2
DA:19,2
DA:20,0
DA:34,2
LF:6
LH:5
BRDA:19,0,0,0
BRDA:19,0,1,2
BRF:2
BRH:1
end_of_record
